<?xml version="1.0" encoding="UTF-8"?>
<!-- Generated by org.testng.reporters.JUnitReportReporter -->
<testsuite skipped="0" hostname="RSTPL087-PC" name="in.ptmantra.testscripts.AddNewPatients" tests="5" failures="0" timestamp="2022-06-09T20:43:41 IST" time="126.094" errors="0">
  <testcase name="creatingNewPatient" time="23.746" classname="in.ptmantra.testscripts.AddNewPatients"/>
  <system-out/>
  <testcase name="emptyFirstName" time="29.761" classname="in.ptmantra.testscripts.AddNewPatients"/>
  <system-out/>
  <testcase name="emptyLastName" time="21.128" classname="in.ptmantra.testscripts.AddNewPatients"/>
  <system-out/>
  <testcase name="emptyEmail" time="31.703" classname="in.ptmantra.testscripts.AddNewPatients"/>
  <system-out/>
  <testcase name="fullempty" time="19.756" classname="in.ptmantra.testscripts.AddNewPatients"/>
  <system-out/>
</testsuite> <!-- in.ptmantra.testscripts.AddNewPatients -->
