<?xml version="1.0" encoding="UTF-8"?>
<!-- Generated by org.testng.reporters.JUnitReportReporter -->
<testsuite skipped="0" hostname="RSTPL087-PC" name="in.ptmantra.testscripts.Login" tests="21" failures="0" timestamp="2022-05-31T16:38:35 IST" time="511.850" errors="0">
  <testcase name="validCredentials" time="24.477" classname="in.ptmantra.testscripts.Login"/>
  <system-out/>
  <testcase name="validCredentials" time="29.950" classname="in.ptmantra.testscripts.Login"/>
  <system-out/>
  <testcase name="validCredentials" time="21.090" classname="in.ptmantra.testscripts.Login"/>
  <system-out/>
  <testcase name="invalidCredentials" time="38.316" classname="in.ptmantra.testscripts.Login"/>
  <system-out/>
  <testcase name="invalidCredentials" time="21.805" classname="in.ptmantra.testscripts.Login"/>
  <system-out/>
  <testcase name="invalidCredentials" time="25.261" classname="in.ptmantra.testscripts.Login"/>
  <system-out/>
  <testcase name="emptyCredentials" time="22.433" classname="in.ptmantra.testscripts.Login"/>
  <system-out/>
  <testcase name="emptyCredentials" time="18.368" classname="in.ptmantra.testscripts.Login"/>
  <system-out/>
  <testcase name="emptyCredentials" time="19.568" classname="in.ptmantra.testscripts.Login"/>
  <system-out/>
  <testcase name="correctUserName" time="34.579" classname="in.ptmantra.testscripts.Login"/>
  <system-out/>
  <testcase name="correctUserName" time="22.442" classname="in.ptmantra.testscripts.Login"/>
  <system-out/>
  <testcase name="correctUserName" time="27.821" classname="in.ptmantra.testscripts.Login"/>
  <system-out/>
  <testcase name="correctPwd" time="23.872" classname="in.ptmantra.testscripts.Login"/>
  <system-out/>
  <testcase name="correctPwd" time="25.169" classname="in.ptmantra.testscripts.Login"/>
  <system-out/>
  <testcase name="correctPwd" time="21.570" classname="in.ptmantra.testscripts.Login"/>
  <system-out/>
  <testcase name="registration" time="28.112" classname="in.ptmantra.testscripts.Login"/>
  <system-out/>
  <testcase name="registration" time="25.471" classname="in.ptmantra.testscripts.Login"/>
  <system-out/>
  <testcase name="registration" time="17.099" classname="in.ptmantra.testscripts.Login"/>
  <system-out/>
  <testcase name="resetPassword" time="19.393" classname="in.ptmantra.testscripts.Login"/>
  <system-out/>
  <testcase name="resetPassword" time="23.233" classname="in.ptmantra.testscripts.Login"/>
  <system-out/>
  <testcase name="resetPassword" time="21.821" classname="in.ptmantra.testscripts.Login"/>
  <system-out/>
</testsuite> <!-- in.ptmantra.testscripts.Login -->
